TN:
SF:src\App.tsx
FN:9,App
FNF:1
FNH:0
FNDA:0,App
DA:1,0
DA:2,0
DA:3,0
DA:4,0
DA:5,0
DA:6,0
DA:7,0
DA:10,0
DA:31,0
LF:9
LH:0
BRF:0
BRH:0
end_of_record
TN:
SF:src\firebase.ts
FNF:0
FNH:0
DA:2,1
DA:3,1
DA:9,1
DA:21,1
DA:22,1
DA:23,1
LF:6
LH:6
BRF:0
BRH:0
end_of_record
TN:
SF:src\UI\Button.tsx
FN:8,(anonymous_0)
FNF:1
FNH:1
FNDA:92,(anonymous_0)
DA:8,6
DA:15,92
LF:2
LH:2
BRF:0
BRH:0
end_of_record
TN:
SF:src\UI\Input.tsx
FN:12,Input
FNF:1
FNH:1
FNDA:68,Input
DA:12,5
DA:13,68
DA:15,68
DA:16,68
DA:17,64
DA:20,68
LF:6
LH:6
BRDA:16,0,0,64
BRDA:17,1,0,64
BRDA:17,1,1,49
BRDA:22,2,0,68
BRDA:22,2,1,64
BRDA:31,3,0,68
BRDA:31,3,1,8
BRDA:41,4,0,68
BRDA:41,4,1,60
BRF:9
BRH:9
end_of_record
TN:
SF:src\UI\LandingDiagram.tsx
FN:1,LandingDiagram
FNF:1
FNH:0
FNDA:0,LandingDiagram
DA:1,0
DA:2,0
LF:2
LH:0
BRF:0
BRH:0
end_of_record
TN:
SF:src\UI\Loading.tsx
FN:13,(anonymous_0)
FNF:1
FNH:1
FNDA:4,(anonymous_0)
DA:13,1
DA:18,4
DA:24,4
DA:35,1
LF:4
LH:4
BRDA:14,0,0,2
BRDA:15,1,0,4
BRDA:16,2,0,3
BRDA:30,3,0,4
BRDA:30,3,1,4
BRF:5
BRH:5
end_of_record
TN:
SF:src\assets\FEATURES_DATA.ts
FNF:0
FNH:0
DA:2,0
LF:1
LH:0
BRF:0
BRH:0
end_of_record
TN:
SF:src\assets\LINK_DATA.ts
FNF:0
FNH:0
DA:6,4
DA:21,4
DA:36,4
DA:58,4
LF:4
LH:4
BRF:0
BRH:0
end_of_record
TN:
SF:src\components\authComponents\FormContent\FormContent.tsx
FN:5,(anonymous_1)
FNF:1
FNH:1
FNDA:20,(anonymous_1)
DA:1,3
DA:2,3
DA:3,3
DA:5,3
DA:12,20
LF:5
LH:5
BRDA:14,0,0,20
BRDA:14,0,1,8
BRDA:46,1,0,12
BRDA:46,1,1,8
BRDA:48,2,0,12
BRDA:48,2,1,8
BRDA:51,3,0,12
BRDA:51,3,1,8
BRDA:60,4,0,3
BRDA:60,4,1,17
BRDA:60,5,0,11
BRDA:60,5,1,6
BRF:12
BRH:12
end_of_record
TN:
SF:src\components\authComponents\LoginForm\LoginForm.tsx
FN:6,(anonymous_0)
FN:12,(anonymous_1)
FNF:2
FNH:2
FNDA:8,(anonymous_0)
FNDA:1,(anonymous_1)
DA:1,1
DA:4,1
DA:6,1
DA:12,8
DA:13,1
DA:14,1
DA:15,1
DA:21,8
LF:8
LH:8
BRDA:10,0,0,0
BRDA:32,1,0,8
BRDA:32,1,1,8
BRF:3
BRH:2
end_of_record
TN:
SF:src\components\authComponents\SignupForm\SignupForm.tsx
FN:6,(anonymous_0)
FN:12,(anonymous_1)
FNF:2
FNH:2
FNDA:5,(anonymous_0)
FNDA:1,(anonymous_1)
DA:1,1
DA:4,1
DA:6,1
DA:12,5
DA:13,1
DA:14,1
DA:15,1
DA:22,5
LF:8
LH:8
BRDA:10,0,0,0
BRDA:33,1,0,5
BRDA:33,1,1,5
BRF:3
BRH:2
end_of_record
TN:
SF:src\components\dashboardComponents\ProfileInfo\ProfileInfo.tsx
FN:10,ProfileInfo
FNF:1
FNH:1
FNDA:5,ProfileInfo
DA:1,1
DA:8,1
DA:10,1
DA:11,5
DA:13,5
DA:14,5
LF:6
LH:6
BRF:0
BRH:0
end_of_record
TN:
SF:src\components\dashboardComponents\QuickActions\QuickActions.tsx
FN:52,QuickActions
FN:62,(anonymous_1)
FNF:2
FNH:2
FNDA:5,QuickActions
FNDA:15,(anonymous_1)
DA:1,1
DA:3,1
DA:16,1
DA:52,1
DA:53,5
DA:63,15
LF:6
LH:6
BRF:0
BRH:0
end_of_record
TN:
SF:src\components\layoutComponents\DarkMode\DarkMode.tsx
FN:5,DarkMode
FN:7,(anonymous_1)
FN:10,(anonymous_2)
FN:19,(anonymous_3)
FNF:4
FNH:3
FNDA:5,DarkMode
FNDA:0,(anonymous_1)
FNDA:5,(anonymous_2)
FNDA:1,(anonymous_3)
DA:1,1
DA:2,1
DA:3,1
DA:5,1
DA:6,5
DA:7,5
DA:10,5
DA:11,5
DA:12,5
DA:14,5
DA:15,5
DA:19,5
DA:20,1
DA:21,1
DA:23,1
DA:24,1
DA:26,5
LF:17
LH:17
BRDA:24,0,0,1
BRDA:24,0,1,0
BRDA:32,1,0,0
BRDA:32,1,1,5
BRDA:33,2,0,0
BRDA:33,2,1,5
BRF:6
BRH:3
end_of_record
TN:
SF:src\components\layoutComponents\Dropdown\Dropdown.tsx
FN:18,Dropdown
FN:21,(anonymous_1)
FN:40,(anonymous_2)
FN:44,(anonymous_3)
FNF:4
FNH:3
FNDA:1,Dropdown
FNDA:0,(anonymous_1)
FNDA:2,(anonymous_2)
FNDA:2,(anonymous_3)
DA:1,2
DA:2,2
DA:3,2
DA:4,2
DA:5,2
DA:6,2
DA:7,2
DA:10,2
DA:12,2
DA:18,2
DA:19,1
DA:20,1
DA:21,1
DA:22,0
DA:23,0
DA:24,0
DA:25,0
DA:27,0
DA:30,1
DA:31,1
DA:41,2
DA:44,2
LF:22
LH:17
BRDA:44,0,0,0
BRDA:44,0,1,2
BRF:2
BRH:1
end_of_record
TN:
SF:src\components\layoutComponents\LeftNav\LeftNav.tsx
FN:27,LeftNav
FN:30,(anonymous_1)
FN:34,(anonymous_2)
FNF:3
FNH:3
FNDA:6,LeftNav
FNDA:18,(anonymous_1)
FNDA:18,(anonymous_2)
DA:1,1
DA:4,1
DA:6,1
DA:12,1
DA:27,1
DA:28,6
DA:31,18
DA:34,18
LF:8
LH:8
BRDA:34,0,0,2
BRDA:34,0,1,16
BRF:2
BRH:2
end_of_record
TN:
SF:src\components\layoutComponents\RightNav\RightNav.tsx
FN:4,RightNav
FNF:1
FNH:1
FNDA:3,RightNav
DA:1,1
DA:2,1
DA:4,1
DA:5,3
LF:4
LH:4
BRF:0
BRH:0
end_of_record
TN:
SF:src\components\layoutComponents\UserMenu\UserMenu.tsx
FN:6,UserMenu
FN:8,(anonymous_2)
FN:12,(anonymous_3)
FNF:3
FNH:2
FNDA:4,UserMenu
FNDA:0,(anonymous_2)
FNDA:1,(anonymous_3)
DA:1,1
DA:2,1
DA:3,1
DA:4,1
DA:6,1
DA:7,4
DA:8,4
DA:10,4
DA:12,4
DA:13,1
DA:16,4
DA:18,4
LF:12
LH:12
BRDA:16,0,0,3
BRDA:16,0,1,1
BRDA:26,1,0,4
BRDA:26,1,1,1
BRDA:32,2,0,4
BRDA:32,2,1,0
BRF:6
BRH:5
end_of_record
TN:
SF:src\components\postFormComponents\ImageUpload\ImageUpload.tsx
FN:5,ImageUpload
FN:13,(anonymous_1)
FN:17,(anonymous_2)
FN:29,(anonymous_3)
FN:42,(anonymous_4)
FN:52,(anonymous_5)
FN:57,(anonymous_6)
FN:76,(anonymous_7)
FN:81,(anonymous_8)
FN:92,(anonymous_9)
FN:121,(anonymous_10)
FN:125,(anonymous_11)
FNF:12
FNH:6
FNDA:6,ImageUpload
FNDA:0,(anonymous_1)
FNDA:6,(anonymous_2)
FNDA:1,(anonymous_3)
FNDA:1,(anonymous_4)
FNDA:1,(anonymous_5)
FNDA:1,(anonymous_6)
FNDA:0,(anonymous_7)
FNDA:0,(anonymous_8)
FNDA:0,(anonymous_9)
FNDA:0,(anonymous_10)
FNDA:0,(anonymous_11)
DA:1,1
DA:2,1
DA:3,1
DA:5,1
DA:10,6
DA:11,6
DA:12,6
DA:13,0
DA:17,6
DA:18,6
DA:19,1
DA:21,1
DA:22,0
DA:23,0
DA:29,6
DA:30,1
DA:31,1
DA:32,1
DA:35,1
DA:36,0
DA:37,0
DA:41,1
DA:42,1
DA:43,1
DA:44,1
DA:45,1
DA:48,1
DA:52,6
DA:53,1
DA:57,6
DA:60,1
DA:61,1
DA:64,1
DA:65,1
DA:66,1
DA:69,0
DA:70,0
DA:71,0
DA:75,0
DA:76,0
DA:77,0
DA:78,0
DA:79,0
DA:81,0
DA:82,0
DA:88,0
DA:92,6
DA:93,0
DA:94,0
DA:95,0
DA:96,0
DA:97,0
DA:101,6
DA:122,0
DA:123,0
DA:126,0
LF:56
LH:32
BRDA:18,0,0,1
BRDA:21,1,0,0
BRDA:32,2,0,0
BRDA:35,3,0,0
BRDA:43,4,0,1
BRDA:64,5,0,1
BRDA:69,6,0,0
BRDA:96,7,0,0
BRDA:104,8,0,6
BRDA:104,8,1,1
BRDA:126,9,0,0
BRDA:154,10,0,6
BRDA:154,10,1,0
BRF:13
BRH:6
end_of_record
TN:
SF:src\components\postFormComponents\PostForm\PostForm.tsx
FN:11,PostForm
FNF:1
FNH:1
FNDA:7,PostForm
DA:1,1
DA:2,1
DA:11,1
DA:17,7
LF:4
LH:4
BRDA:14,0,0,6
BRDA:15,1,0,0
BRDA:27,2,0,7
BRDA:27,2,1,6
BRDA:39,3,0,7
BRDA:39,3,1,6
BRDA:61,4,0,1
BRDA:61,4,1,6
BRDA:63,5,0,1
BRDA:63,5,1,5
BRF:10
BRH:9
end_of_record
TN:
SF:src\components\postsComponents\Header\Header.tsx
FN:5,Header
FN:7,(anonymous_1)
FNF:2
FNH:1
FNDA:1,Header
FNDA:0,(anonymous_1)
DA:1,1
DA:2,1
DA:3,1
DA:5,1
DA:6,1
DA:7,1
DA:8,0
DA:10,1
LF:8
LH:7
BRF:0
BRH:0
end_of_record
TN:
SF:src\components\postsComponents\NoPosts\NoPosts.tsx
FN:8,NoPosts
FN:10,(anonymous_1)
FN:13,(anonymous_2)
FNF:3
FNH:3
FNDA:8,NoPosts
FNDA:1,(anonymous_1)
FNDA:1,(anonymous_2)
DA:1,1
DA:6,1
DA:8,1
DA:9,8
DA:10,8
DA:11,1
DA:13,8
DA:14,1
DA:17,8
LF:9
LH:9
BRF:0
BRH:0
end_of_record
TN:
SF:src\components\postsComponents\Pagination\Pagination.tsx
FN:21,Pagination
FN:34,(anonymous_1)
FN:46,(anonymous_2)
FN:56,(anonymous_3)
FN:66,(anonymous_4)
FN:79,(anonymous_5)
FN:93,(anonymous_6)
FNF:7
FNH:6
FNDA:8,Pagination
FNDA:1,(anonymous_1)
FNDA:1,(anonymous_2)
FNDA:34,(anonymous_3)
FNDA:0,(anonymous_4)
FNDA:1,(anonymous_5)
FNDA:1,(anonymous_6)
DA:1,1
DA:7,1
DA:8,1
DA:21,1
DA:26,8
DA:28,8
DA:34,1
DA:46,1
DA:57,34
DA:66,0
DA:80,1
DA:93,1
LF:12
LH:11
BRDA:22,0,0,0
BRDA:23,1,0,0
BRDA:34,2,0,1
BRDA:34,2,1,1
BRDA:46,3,0,1
BRDA:46,3,1,1
BRDA:57,4,0,6
BRDA:57,4,1,28
BRDA:80,5,0,1
BRDA:80,5,1,1
BRDA:93,6,0,1
BRDA:93,6,1,1
BRF:12
BRH:10
end_of_record
TN:
SF:src\components\postsComponents\Post\Post.tsx
FN:23,Post
FN:26,(anonymous_1)
FN:31,(anonymous_2)
FN:40,(anonymous_3)
FN:49,(anonymous_4)
FN:58,(anonymous_5)
FNF:6
FNH:6
FNDA:7,Post
FNDA:1,(anonymous_1)
FNDA:7,(anonymous_2)
FNDA:1,(anonymous_3)
FNDA:7,(anonymous_4)
FNDA:7,(anonymous_5)
DA:1,1
DA:7,1
DA:9,1
DA:15,1
DA:16,1
DA:17,1
DA:23,1
DA:24,7
DA:26,7
DA:27,1
DA:28,1
DA:31,7
DA:32,7
DA:41,1
DA:42,1
DA:49,7
DA:50,7
DA:51,1
DA:58,7
DA:59,7
DA:105,7
LF:21
LH:21
BRDA:27,0,0,1
BRDA:36,1,0,7
BRDA:36,1,1,1
BRDA:50,2,0,1
BRDA:74,3,0,7
BRDA:74,3,1,0
BRF:6
BRH:5
end_of_record
TN:
SF:src\components\welcomPageComponents\CTA\CTA.tsx
FN:4,CTA
FN:15,(anonymous_1)
FNF:2
FNH:2
FNDA:1,CTA
FNDA:2,(anonymous_1)
DA:1,1
DA:2,1
DA:4,1
DA:5,1
DA:16,2
LF:5
LH:5
BRF:0
BRH:0
end_of_record
TN:
SF:src\components\welcomPageComponents\FeatureCard\FeatureCard.tsx
FN:7,FeatureCard
FNF:1
FNH:0
FNDA:0,FeatureCard
DA:7,0
DA:8,0
LF:2
LH:0
BRF:0
BRH:0
end_of_record
TN:
SF:src\components\welcomPageComponents\Hero\Hero.tsx
FN:5,Hero
FN:17,(anonymous_2)
FNF:2
FNH:2
FNDA:4,Hero
FNDA:8,(anonymous_2)
DA:1,1
DA:2,1
DA:3,1
DA:5,1
DA:6,4
DA:18,8
LF:6
LH:6
BRF:0
BRH:0
end_of_record
TN:
SF:src\components\welcomPageComponents\NavBar\WelcomeNav.tsx
FN:4,WelcomeNav
FN:12,(anonymous_1)
FNF:2
FNH:2
FNDA:5,WelcomeNav
FNDA:10,(anonymous_1)
DA:1,1
DA:2,1
DA:4,1
DA:5,5
DA:13,10
LF:5
LH:5
BRF:0
BRH:0
end_of_record
TN:
SF:src\hooks\useAppMutation.tsx
FN:16,(anonymous_0)
FN:23,(anonymous_1)
FN:33,(anonymous_2)
FN:51,(anonymous_3)
FN:57,(anonymous_4)
FN:63,(anonymous_5)
FN:71,(anonymous_6)
FN:83,(anonymous_7)
FN:87,(anonymous_8)
FN:95,(anonymous_9)
FN:107,(anonymous_10)
FN:113,(anonymous_11)
FN:121,(anonymous_12)
FN:126,(anonymous_13)
FN:130,(anonymous_14)
FN:137,(anonymous_15)
FN:143,(anonymous_16)
FN:147,(anonymous_17)
FNF:18
FNH:0
FNDA:0,(anonymous_0)
FNDA:0,(anonymous_1)
FNDA:0,(anonymous_2)
FNDA:0,(anonymous_3)
FNDA:0,(anonymous_4)
FNDA:0,(anonymous_5)
FNDA:0,(anonymous_6)
FNDA:0,(anonymous_7)
FNDA:0,(anonymous_8)
FNDA:0,(anonymous_9)
FNDA:0,(anonymous_10)
FNDA:0,(anonymous_11)
FNDA:0,(anonymous_12)
FNDA:0,(anonymous_13)
FNDA:0,(anonymous_14)
FNDA:0,(anonymous_15)
FNDA:0,(anonymous_16)
FNDA:0,(anonymous_17)
DA:1,0
DA:2,0
DA:3,0
DA:12,0
DA:13,0
DA:14,0
DA:16,0
DA:17,0
DA:18,0
DA:21,0
DA:24,0
DA:25,0
DA:27,0
DA:33,0
DA:34,0
DA:35,0
DA:42,0
DA:49,0
DA:52,0
DA:53,0
DA:55,0
DA:59,0
DA:60,0
DA:61,0
DA:64,0
DA:69,0
DA:72,0
DA:73,0
DA:75,0
DA:76,0
DA:82,0
DA:83,0
DA:84,0
DA:85,0
DA:88,0
DA:93,0
DA:96,0
DA:97,0
DA:102,0
DA:103,0
DA:105,0
DA:109,0
DA:110,0
DA:111,0
DA:114,0
DA:119,0
DA:122,0
DA:123,0
DA:126,0
DA:127,0
DA:128,0
DA:130,0
DA:135,0
DA:138,0
DA:139,0
DA:141,0
DA:145,0
DA:148,0
DA:152,0
LF:59
LH:0
BRDA:34,0,0,0
BRDA:52,1,0,0
BRDA:84,2,0,0
BRDA:88,3,0,0
BRDA:88,3,1,0
BRDA:96,4,0,0
BRDA:102,5,0,0
BRDA:127,6,0,0
BRDA:138,7,0,0
BRDA:156,8,0,0
BRDA:156,8,1,0
BRDA:156,8,2,0
BRDA:158,9,0,0
BRDA:158,9,1,0
BRDA:158,9,2,0
BRDA:162,10,0,0
BRDA:162,10,1,0
BRDA:162,10,2,0
BRF:18
BRH:0
end_of_record
TN:
SF:src\hooks\useAuthForm.tsx
FN:9,(anonymous_0)
FN:13,(anonymous_1)
FN:17,(anonymous_2)
FN:21,(anonymous_3)
FN:55,(anonymous_4)
FNF:5
FNH:2
FNDA:1,(anonymous_0)
FNDA:0,(anonymous_1)
FNDA:1,(anonymous_2)
FNDA:0,(anonymous_3)
FNDA:0,(anonymous_4)
DA:1,1
DA:2,1
DA:3,1
DA:4,1
DA:6,1
DA:7,1
DA:9,1
DA:10,1
DA:11,1
DA:12,1
DA:13,1
DA:15,1
DA:17,1
DA:18,1
DA:21,1
DA:22,0
DA:23,0
DA:25,0
DA:31,0
DA:32,0
DA:33,0
DA:34,0
DA:37,0
DA:38,0
DA:45,0
DA:46,0
DA:47,0
DA:49,0
DA:50,0
DA:51,0
DA:55,1
DA:56,0
DA:58,0
DA:66,1
LF:34
LH:17
BRDA:25,0,0,0
BRDA:25,0,1,0
BRDA:31,1,0,0
BRDA:37,2,0,0
BRDA:56,3,0,0
BRF:5
BRH:0
end_of_record
TN:
SF:src\hooks\usePostForm.tsx
FN:14,(anonymous_0)
FN:23,(anonymous_1)
FN:28,(anonymous_2)
FN:34,(anonymous_3)
FN:53,(anonymous_4)
FN:64,(anonymous_5)
FN:81,(anonymous_6)
FN:110,(anonymous_7)
FN:115,(anonymous_8)
FN:122,(anonymous_9)
FNF:10
FNH:0
FNDA:0,(anonymous_0)
FNDA:0,(anonymous_1)
FNDA:0,(anonymous_2)
FNDA:0,(anonymous_3)
FNDA:0,(anonymous_4)
FNDA:0,(anonymous_5)
FNDA:0,(anonymous_6)
FNDA:0,(anonymous_7)
FNDA:0,(anonymous_8)
FNDA:0,(anonymous_9)
DA:1,0
DA:2,0
DA:3,0
DA:4,0
DA:5,0
DA:14,0
DA:19,0
DA:20,0
DA:21,0
DA:22,0
DA:23,0
DA:25,0
DA:28,0
DA:29,0
DA:30,0
DA:34,0
DA:35,0
DA:36,0
DA:40,0
DA:41,0
DA:43,0
DA:46,0
DA:48,0
DA:52,0
DA:53,0
DA:63,0
DA:65,0
DA:67,0
DA:80,0
DA:82,0
DA:83,0
DA:85,0
DA:87,0
DA:89,0
DA:90,0
DA:91,0
DA:93,0
DA:94,0
DA:110,0
DA:111,0
DA:115,0
DA:116,0
DA:117,0
DA:118,0
DA:122,0
DA:123,0
DA:124,0
DA:126,0
DA:133,0
LF:49
LH:0
BRDA:14,0,0,0
BRDA:17,1,0,0
BRDA:35,2,0,0
BRDA:37,3,0,0
BRDA:37,3,1,0
BRDA:40,4,0,0
BRDA:40,4,1,0
BRDA:54,5,0,0
BRDA:54,5,1,0
BRDA:55,6,0,0
BRDA:55,6,1,0
BRDA:56,7,0,0
BRDA:56,7,1,0
BRDA:65,8,0,0
BRDA:69,9,0,0
BRDA:69,9,1,0
BRDA:70,10,0,0
BRDA:70,10,1,0
BRDA:71,11,0,0
BRDA:71,11,1,0
BRDA:71,11,2,0
BRDA:72,12,0,0
BRDA:72,12,1,0
BRDA:85,13,0,0
BRDA:89,14,0,0
BRDA:89,14,1,0
BRDA:89,15,0,0
BRDA:89,15,1,0
BRDA:123,16,0,0
BRDA:123,16,1,0
BRDA:124,17,0,0
BRDA:139,18,0,0
BRDA:139,18,1,0
BRF:33
BRH:0
end_of_record
TN:
SF:src\layouts\DashBoardLayout.tsx
FN:8,DashBoardLayout
FN:10,(anonymous_2)
FN:13,(anonymous_3)
FN:26,(anonymous_4)
FNF:4
FNH:0
FNDA:0,DashBoardLayout
FNDA:0,(anonymous_2)
FNDA:0,(anonymous_3)
FNDA:0,(anonymous_4)
DA:1,0
DA:2,0
DA:3,0
DA:4,0
DA:5,0
DA:6,0
DA:8,0
DA:9,0
DA:10,0
DA:11,0
DA:13,0
DA:14,0
DA:15,0
DA:18,0
DA:19,0
DA:20,0
DA:23,0
DA:26,0
DA:27,0
DA:31,0
LF:20
LH:0
BRDA:9,0,0,0
BRDA:9,0,1,0
BRDA:14,1,0,0
BRDA:18,2,0,0
BRF:4
BRH:0
end_of_record
TN:
SF:src\pages\Auth.tsx
FN:4,(anonymous_0)
FNF:1
FNH:0
FNDA:0,(anonymous_0)
DA:1,0
DA:2,0
DA:3,0
DA:4,0
DA:5,0
DA:6,0
LF:6
LH:0
BRDA:8,0,0,0
BRDA:8,0,1,0
BRF:2
BRH:0
end_of_record
TN:
SF:src\pages\Dashboard.tsx
FN:4,Dashboard
FNF:1
FNH:0
FNDA:0,Dashboard
DA:1,0
DA:2,0
DA:4,0
DA:5,0
LF:4
LH:0
BRF:0
BRH:0
end_of_record
TN:
SF:src\pages\EditPost.tsx
FN:10,EditPost
FN:20,(anonymous_2)
FN:32,(anonymous_3)
FN:33,(anonymous_4)
FNF:4
FNH:0
FNDA:0,EditPost
FNDA:0,(anonymous_2)
FNDA:0,(anonymous_3)
FNDA:0,(anonymous_4)
DA:1,0
DA:2,0
DA:3,0
DA:5,0
DA:6,0
DA:7,0
DA:8,0
DA:10,0
DA:11,0
DA:18,0
DA:20,0
DA:25,0
DA:32,0
DA:33,0
DA:34,0
DA:38,0
DA:39,0
DA:40,0
DA:42,0
LF:19
LH:0
BRDA:38,0,0,0
BRDA:39,1,0,0
BRDA:49,2,0,0
BRDA:49,2,1,0
BRF:4
BRH:0
end_of_record
TN:
SF:src\pages\NewPost.tsx
FN:5,NewPost
FN:11,(anonymous_2)
FN:12,(anonymous_3)
FN:17,(anonymous_4)
FN:25,(anonymous_5)
FNF:5
FNH:0
FNDA:0,NewPost
FNDA:0,(anonymous_2)
FNDA:0,(anonymous_3)
FNDA:0,(anonymous_4)
FNDA:0,(anonymous_5)
DA:1,0
DA:2,0
DA:3,0
DA:5,0
DA:8,0
DA:11,0
DA:12,0
DA:13,0
DA:17,0
DA:18,0
DA:25,0
DA:26,0
DA:35,0
LF:13
LH:0
BRF:0
BRH:0
end_of_record
TN:
SF:src\pages\Posts.tsx
FN:10,Posts
FN:26,(anonymous_2)
FN:33,(anonymous_3)
FN:38,(anonymous_4)
FN:48,(anonymous_5)
FN:55,(anonymous_6)
FN:65,(anonymous_7)
FN:72,(anonymous_8)
FNF:8
FNH:0
FNDA:0,Posts
FNDA:0,(anonymous_2)
FNDA:0,(anonymous_3)
FNDA:0,(anonymous_4)
FNDA:0,(anonymous_5)
FNDA:0,(anonymous_6)
FNDA:0,(anonymous_7)
FNDA:0,(anonymous_8)
DA:1,0
DA:2,0
DA:3,0
DA:4,0
DA:5,0
DA:6,0
DA:7,0
DA:8,0
DA:10,0
DA:11,0
DA:24,0
DA:26,0
DA:33,0
DA:34,0
DA:35,0
DA:38,0
DA:39,0
DA:40,0
DA:48,0
DA:49,0
DA:50,0
DA:55,0
DA:65,0
DA:66,0
DA:67,0
DA:73,0
DA:111,0
LF:27
LH:0
BRDA:15,0,0,0
BRDA:39,1,0,0
BRDA:49,2,0,0
BRDA:66,3,0,0
BRDA:66,4,0,0
BRDA:66,4,1,0
BRDA:69,5,0,0
BRDA:69,5,1,0
BRDA:69,6,0,0
BRDA:69,6,1,0
BRDA:83,7,0,0
BRDA:83,7,1,0
BRDA:87,8,0,0
BRDA:87,8,1,0
BRDA:92,9,0,0
BRDA:92,9,1,0
BRF:16
BRH:0
end_of_record
TN:
SF:src\pages\Welcome.tsx
FN:7,Welcome
FN:19,(anonymous_2)
FNF:2
FNH:0
FNDA:0,Welcome
FNDA:0,(anonymous_2)
DA:1,0
DA:2,0
DA:3,0
DA:4,0
DA:5,0
DA:7,0
DA:8,0
DA:20,0
LF:8
LH:0
BRF:0
BRH:0
end_of_record
TN:
SF:src\store\hooks.ts
FNF:0
FNH:0
DA:1,0
DA:11,0
DA:12,0
LF:3
LH:0
BRF:0
BRH:0
end_of_record
TN:
SF:src\store\mainStore.ts
FNF:0
FNH:0
DA:1,0
DA:2,0
DA:3,0
DA:4,0
DA:6,0
DA:14,0
LF:6
LH:0
BRF:0
BRH:0
end_of_record
TN:
SF:src\store\slices\authSlice.ts
FN:16,(anonymous_0)
FN:19,(anonymous_1)
FN:22,(anonymous_2)
FNF:3
FNH:0
FNDA:0,(anonymous_0)
FNDA:0,(anonymous_1)
FNDA:0,(anonymous_2)
DA:1,21
DA:7,21
DA:12,21
DA:17,0
DA:20,0
DA:23,0
DA:28,21
DA:29,21
LF:8
LH:5
BRF:0
BRH:0
end_of_record
TN:
SF:src\store\slices\newPostSlice.ts
FN:19,(anonymous_0)
FN:22,(anonymous_1)
FN:25,(anonymous_2)
FN:28,(anonymous_3)
FNF:4
FNH:0
FNDA:0,(anonymous_0)
FNDA:0,(anonymous_1)
FNDA:0,(anonymous_2)
FNDA:0,(anonymous_3)
DA:1,20
DA:8,20
DA:15,20
DA:20,0
DA:23,0
DA:26,0
DA:29,0
DA:34,20
DA:35,20
LF:9
LH:5
BRF:0
BRH:0
end_of_record
TN:
SF:src\store\slices\rightNavSlice.ts
FN:12,(anonymous_0)
FN:15,(anonymous_1)
FNF:2
FNH:0
FNDA:0,(anonymous_0)
FNDA:0,(anonymous_1)
DA:1,21
DA:3,21
DA:8,21
DA:13,0
DA:16,0
DA:21,21
DA:23,21
LF:7
LH:5
BRF:0
BRH:0
end_of_record
TN:
SF:src\utils\auth.ts
FN:9,(anonymous_0)
FN:25,(anonymous_1)
FN:45,getAuthUser
FN:59,isAuthenticated
FN:69,getTokenDuration
FN:79,logout
FNF:6
FNH:0
FNDA:0,(anonymous_0)
FNDA:0,(anonymous_1)
FNDA:0,getAuthUser
FNDA:0,isAuthenticated
FNDA:0,getTokenDuration
FNDA:0,logout
DA:1,0
DA:2,0
DA:6,0
DA:9,0
DA:10,0
DA:11,0
DA:16,0
DA:18,0
DA:19,0
DA:25,0
DA:26,0
DA:27,0
DA:33,0
DA:35,0
DA:36,0
DA:45,0
DA:46,0
DA:47,0
DA:48,0
DA:51,0
DA:52,0
DA:53,0
DA:56,0
DA:59,0
DA:60,0
DA:62,0
DA:63,0
DA:66,0
DA:69,0
DA:70,0
DA:71,0
DA:74,0
DA:75,0
DA:76,0
DA:79,0
DA:80,0
DA:81,0
DA:82,0
LF:38
LH:0
BRDA:18,0,0,0
BRDA:35,1,0,0
BRDA:47,2,0,0
BRDA:52,3,0,0
BRDA:62,4,0,0
BRDA:71,5,0,0
BRDA:71,5,1,0
BRF:7
BRH:0
end_of_record
TN:
SF:src\utils\fetch.ts
FN:47,(anonymous_0)
FN:54,createPost
FN:77,getPosts
FN:113,(anonymous_3)
FN:127,(anonymous_4)
FN:149,(anonymous_5)
FN:168,handlePagination
FN:176,(anonymous_7)
FN:181,(anonymous_8)
FNF:9
FNH:0
FNDA:0,(anonymous_0)
FNDA:0,createPost
FNDA:0,getPosts
FNDA:0,(anonymous_3)
FNDA:0,(anonymous_4)
FNDA:0,(anonymous_5)
FNDA:0,handlePagination
FNDA:0,(anonymous_7)
FNDA:0,(anonymous_8)
DA:1,20
DA:3,20
DA:6,20
DA:44,20
DA:45,0
DA:48,0
DA:49,0
DA:54,20
DA:55,0
DA:63,0
DA:64,0
DA:67,0
DA:68,0
DA:71,0
DA:73,0
DA:77,20
DA:82,0
DA:83,0
DA:84,0
DA:87,0
DA:88,0
DA:91,0
DA:94,0
DA:95,0
DA:98,0
DA:104,0
DA:113,20
DA:114,0
DA:115,0
DA:116,0
DA:119,0
DA:120,0
DA:122,0
DA:123,0
DA:127,20
DA:128,0
DA:129,0
DA:137,0
DA:138,0
DA:141,0
DA:142,0
DA:145,0
DA:149,20
DA:152,0
DA:156,0
DA:157,0
DA:160,0
DA:161,0
DA:164,0
DA:175,0
DA:176,0
DA:180,0
DA:182,0
DA:187,0
DA:188,0
DA:191,0
DA:192,0
DA:194,0
LF:58
LH:9
BRDA:63,0,0,0
BRDA:77,1,0,0
BRDA:79,2,0,0
BRDA:80,3,0,0
BRDA:83,4,0,0
BRDA:94,5,0,0
BRDA:115,6,0,0
BRDA:123,7,0,0
BRDA:123,7,1,0
BRDA:137,8,0,0
BRDA:156,9,0,0
BRDA:175,10,0,0
BRDA:175,10,1,0
BRDA:175,11,0,0
BRDA:175,11,1,0
BRDA:182,12,0,0
BRDA:182,12,1,0
BRDA:183,13,0,0
BRDA:183,13,1,0
BRF:19
BRH:0
end_of_record
TN:
SF:src\utils\format.ts
FN:11,(anonymous_0)
FN:48,(anonymous_1)
FN:84,(anonymous_2)
FN:103,(anonymous_3)
FN:156,(anonymous_4)
FN:175,(anonymous_5)
FN:192,(anonymous_6)
FN:212,(anonymous_7)
FN:230,(anonymous_8)
FN:240,(anonymous_9)
FN:246,(anonymous_10)
FN:255,(anonymous_11)
FN:276,(anonymous_12)
FN:288,(anonymous_13)
FNF:14
FNH:0
FNDA:0,(anonymous_0)
FNDA:0,(anonymous_1)
FNDA:0,(anonymous_2)
FNDA:0,(anonymous_3)
FNDA:0,(anonymous_4)
FNDA:0,(anonymous_5)
FNDA:0,(anonymous_6)
FNDA:0,(anonymous_7)
FNDA:0,(anonymous_8)
FNDA:0,(anonymous_9)
FNDA:0,(anonymous_10)
FNDA:0,(anonymous_11)
FNDA:0,(anonymous_12)
FNDA:0,(anonymous_13)
DA:11,0
DA:12,0
DA:14,0
DA:15,0
DA:18,0
DA:19,0
DA:23,0
DA:30,0
DA:35,0
DA:37,0
DA:38,0
DA:48,0
DA:49,0
DA:51,0
DA:52,0
DA:55,0
DA:56,0
DA:60,0
DA:67,0
DA:72,0
DA:74,0
DA:75,0
DA:84,0
DA:85,0
DA:87,0
DA:88,0
DA:89,0
DA:91,0
DA:93,0
DA:94,0
DA:103,0
DA:104,0
DA:106,0
DA:107,0
DA:110,0
DA:111,0
DA:114,0
DA:115,0
DA:120,0
DA:121,0
DA:125,0
DA:126,0
DA:127,0
DA:131,0
DA:132,0
DA:133,0
DA:137,0
DA:138,0
DA:139,0
DA:143,0
DA:145,0
DA:146,0
DA:156,0
DA:157,0
DA:159,0
DA:160,0
DA:164,0
DA:165,0
DA:167,0
DA:175,0
DA:176,0
DA:178,0
DA:179,0
DA:181,0
DA:182,0
DA:192,0
DA:193,0
DA:195,0
DA:196,0
DA:201,0
DA:202,0
DA:212,0
DA:213,0
DA:214,0
DA:216,0
DA:217,0
DA:218,0
DA:220,0
DA:230,0
DA:231,0
DA:232,0
DA:240,0
DA:241,0
DA:243,0
DA:246,0
DA:255,0
DA:256,0
DA:259,0
DA:262,0
DA:264,0
DA:265,0
DA:268,0
DA:276,0
DA:277,0
DA:280,0
DA:288,0
DA:289,0
DA:290,0
DA:292,0
DA:294,0
DA:298,0
LF:101
LH:0
BRDA:11,0,0,0
BRDA:12,1,0,0
BRDA:18,2,0,0
BRDA:48,3,0,0
BRDA:49,4,0,0
BRDA:55,5,0,0
BRDA:85,6,0,0
BRDA:104,7,0,0
BRDA:110,8,0,0
BRDA:120,9,0,0
BRDA:125,10,0,0
BRDA:127,11,0,0
BRDA:127,11,1,0
BRDA:131,12,0,0
BRDA:133,13,0,0
BRDA:133,13,1,0
BRDA:137,14,0,0
BRDA:139,15,0,0
BRDA:139,15,1,0
BRDA:156,16,0,0
BRDA:157,17,0,0
BRDA:159,18,0,0
BRDA:165,19,0,0
BRDA:165,19,1,0
BRDA:176,20,0,0
BRDA:176,21,0,0
BRDA:176,21,1,0
BRDA:192,22,0,0
BRDA:193,23,0,0
BRDA:193,24,0,0
BRDA:193,24,1,0
BRDA:212,25,0,0
BRDA:213,26,0,0
BRDA:214,27,0,0
BRDA:231,28,0,0
BRDA:241,29,0,0
BRDA:256,30,0,0
BRDA:264,31,0,0
BRDA:277,32,0,0
BRDA:289,33,0,0
BRDA:290,34,0,0
BRF:41
BRH:0
end_of_record
TN:
SF:src\utils\pagination.ts
FN:1,(anonymous_0)
FN:19,(anonymous_1)
FNF:2
FNH:2
FNDA:66,(anonymous_0)
FNDA:8,(anonymous_1)
DA:1,1
DA:6,66
DA:8,66
DA:9,18
DA:12,48
DA:13,8
DA:16,40
DA:19,1
DA:23,8
DA:24,8
DA:25,8
DA:27,8
DA:29,8
DA:30,13
DA:33,8
DA:34,8
DA:36,8
LF:17
LH:17
BRDA:3,0,0,38
BRDA:8,1,0,18
BRDA:12,2,0,8
BRDA:27,3,0,2
BRDA:33,4,0,4
BRDA:34,5,0,7
BRF:6
BRH:6
end_of_record
TN:
SF:src\utils\router.tsx
FN:29,(anonymous_1)
FNF:1
FNH:0
FNDA:0,(anonymous_1)
DA:1,0
DA:3,0
DA:4,0
DA:5,0
DA:6,0
DA:7,0
DA:8,0
DA:9,0
DA:10,0
DA:11,0
DA:13,0
DA:14,0
DA:29,0
DA:56,0
LF:14
LH:0
BRDA:17,0,0,0
BRDA:17,0,1,0
BRF:2
BRH:0
end_of_record
